<?xml version="1.0" encoding="UTF-8"?>
<!-- Generated by org.testng.reporters.JUnitReportReporter -->
<testsuite hostname="LAPTOP-LFO5QJRV" name="testcase.testcaselogin" tests="2" failures="0" timestamp="4 Jun 2021 19:05:08 GMT" time="16.655" errors="0">
  <testcase name="test2" time="8.657" classname="testcase.testcaselogin"/>
  <testcase name="test1" time="7.998" classname="testcase.testcaselogin"/>
</testsuite> <!-- testcase.testcaselogin -->
